<?xml version="1.0" encoding="UTF-8"?>
<!-- Generated by org.testng.reporters.JUnitReportReporter -->
<testsuite hostname="sanket" failures="0" tests="2" name="qa.TestClass.LoginSendDataWithExcel" time="1.718" errors="0" timestamp="2024-06-02T19:51:18 IST" skipped="0">
  <testcase classname="qa.TestClass.LoginSendDataWithExcel" name="login" time="1.027"/>
  <system-out/>
  <testcase classname="qa.TestClass.LoginSendDataWithExcel" name="login" time="0.691"/>
  <system-out/>
</testsuite> <!-- qa.TestClass.LoginSendDataWithExcel -->
