<?xml version="1.0" encoding="UTF-8"?>
<!-- Generated by org.testng.reporters.JUnitReportReporter -->
<testsuite hostname="sanket" failures="0" tests="2" name="qa.TestClass.LoginSendDataWithExcelTest" time="2.189" errors="0" timestamp="2024-06-07T14:38:29 IST" skipped="0">
  <testcase classname="qa.TestClass.LoginSendDataWithExcelTest" name="login" time="1.197"/>
  <system-out/>
  <testcase classname="qa.TestClass.LoginSendDataWithExcelTest" name="login" time="0.992"/>
  <system-out/>
</testsuite> <!-- qa.TestClass.LoginSendDataWithExcelTest -->
